# JRE version: OpenJDK Runtime Environment JBR-17.0.14+1-1367.22-nomod (17.0.14+1) (build 17.0.14+1-b1367.22)
# Java VM: OpenJDK 64-Bit Server VM JBR-17.0.14+1-1367.22-nomod (17.0.14+1-b1367.22, mixed mode, sharing, tiered, compressed oops, compressed class ptrs, g1 gc, windows-amd64)
GC Precious Log:
 CPUs: 16 total, 16 available
 Memory: 24351M
 Large Page Support: Disabled
 NUMA Support: Disabled
 Compressed Oops: Enabled (32-bit)
 Heap Region Size: 1M
 Heap Min Capacity: 8M
 Heap Initial Capacity: 382M
 Heap Max Capacity: 2G
 Pre-touch: Disabled
 Parallel Workers: 13
 Concurrent Workers: 3
 Concurrent Refinement Workers: 13
 Periodic GC: Disabled
Heap:
 garbage-first heap   total 236544K, used 120661K [0x0000000080000000, 0x0000000100000000)
  region size 1024K, 74 young (75776K), 16 survivors (16384K)
 Metaspace       used 56332K, committed 56832K, reserved 1114112K
  class space    used 7910K, committed 8128K, reserved 1048576K
GC Heap History (20 events):
Event: 0.385 GC heap before
{Heap before GC invocations=0 (full 0):
 garbage-first heap   total 391168K, used 27648K [0x0000000080000000, 0x0000000100000000)
  region size 1024K, 23 young (23552K), 0 survivors (0K)
 Metaspace       used 3085K, committed 3200K, reserved 1114112K
  class space    used 405K, committed 448K, reserved 1048576K
}
Event: 0.387 GC heap after
{Heap after GC invocations=1 (full 0):
 garbage-first heap   total 391168K, used 10494K [0x0000000080000000, 0x0000000100000000)
  region size 1024K, 3 young (3072K), 3 survivors (3072K)
 Metaspace       used 3085K, committed 3200K, reserved 1114112K
  class space    used 405K, committed 448K, reserved 1048576K
}
Event: 0.676 GC heap before
{Heap before GC invocations=1 (full 0):
 garbage-first heap   total 391168K, used 38142K [0x0000000080000000, 0x0000000100000000)
  region size 1024K, 31 young (31744K), 3 survivors (3072K)
 Metaspace       used 4194K, committed 4416K, reserved 1114112K
  class space    used 526K, committed 640K, reserved 1048576K
}
Event: 0.679 GC heap after
{Heap after GC invocations=2 (full 0):
 garbage-first heap   total 391168K, used 11359K [0x0000000080000000, 0x0000000100000000)
  region size 1024K, 2 young (2048K), 2 survivors (2048K)
 Metaspace       used 4194K, committed 4416K, reserved 1114112K
  class space    used 526K, committed 640K, reserved 1048576K
}
Event: 2.223 GC heap before
{Heap before GC invocations=2 (full 0):
 garbage-first heap   total 391168K, used 126047K [0x0000000080000000, 0x0000000100000000)
  region size 1024K, 114 young (116736K), 2 survivors (2048K)
 Metaspace       used 21278K, committed 21504K, reserved 1114112K
  class space    used 3213K, committed 3328K, reserved 1048576K
}
Event: 2.228 GC heap after
{Heap after GC invocations=3 (full 0):
 garbage-first heap   total 391168K, used 22206K [0x0000000080000000, 0x0000000100000000)
  region size 1024K, 12 young (12288K), 12 survivors (12288K)
 Metaspace       used 21278K, committed 21504K, reserved 1114112K
  class space    used 3213K, committed 3328K, reserved 1048576K
}
Event: 2.580 GC heap before
{Heap before GC invocations=4 (full 0):
 garbage-first heap   total 81920K, used 59070K [0x0000000080000000, 0x0000000100000000)
  region size 1024K, 48 young (49152K), 12 survivors (12288K)
 Metaspace       used 25930K, committed 26304K, reserved 1114112K
  class space    used 3936K, committed 4096K, reserved 1048576K
}
Event: 2.585 GC heap after
{Heap after GC invocations=5 (full 0):
 garbage-first heap   total 81920K, used 24121K [0x0000000080000000, 0x0000000100000000)
  region size 1024K, 3 young (3072K), 3 survivors (3072K)
 Metaspace       used 25930K, committed 26304K, reserved 1114112K
  class space    used 3936K, committed 4096K, reserved 1048576K
}
Event: 2.598 GC heap before
{Heap before GC invocations=5 (full 0):
 garbage-first heap   total 81920K, used 25145K [0x0000000080000000, 0x0000000100000000)
  region size 1024K, 4 young (4096K), 3 survivors (3072K)
 Metaspace       used 26059K, committed 26432K, reserved 1114112K
  class space    used 3950K, committed 4160K, reserved 1048576K
}
Event: 2.599 GC heap after
{Heap after GC invocations=6 (full 0):
 garbage-first heap   total 81920K, used 24580K [0x0000000080000000, 0x0000000100000000)
  region size 1024K, 1 young (1024K), 1 survivors (1024K)
 Metaspace       used 26059K, committed 26432K, reserved 1114112K
  class space    used 3950K, committed 4160K, reserved 1048576K
}
Event: 2.883 GC heap before
{Heap before GC invocations=6 (full 0):
 garbage-first heap   total 81920K, used 59396K [0x0000000080000000, 0x0000000100000000)
  region size 1024K, 36 young (36864K), 1 survivors (1024K)
 Metaspace       used 30981K, committed 31360K, reserved 1114112K
  class space    used 4449K, committed 4608K, reserved 1048576K
}
Event: 2.885 GC heap after
{Heap after GC invocations=7 (full 0):
 garbage-first heap   total 81920K, used 27703K [0x0000000080000000, 0x0000000100000000)
  region size 1024K, 4 young (4096K), 4 survivors (4096K)
 Metaspace       used 30981K, committed 31360K, reserved 1114112K
  class space    used 4449K, committed 4608K, reserved 1048576K
}
Event: 3.245 GC heap before
{Heap before GC invocations=7 (full 0):
 garbage-first heap   total 81920K, used 62519K [0x0000000080000000, 0x0000000100000000)
  region size 1024K, 36 young (36864K), 4 survivors (4096K)
 Metaspace       used 34298K, committed 34752K, reserved 1114112K
  class space    used 4888K, committed 5120K, reserved 1048576K
}
Event: 3.247 GC heap after
{Heap after GC invocations=8 (full 0):
 garbage-first heap   total 81920K, used 29305K [0x0000000080000000, 0x0000000100000000)
  region size 1024K, 3 young (3072K), 3 survivors (3072K)
 Metaspace       used 34298K, committed 34752K, reserved 1114112K
  class space    used 4888K, committed 5120K, reserved 1048576K
}
Event: 3.369 GC heap before
{Heap before GC invocations=8 (full 0):
 garbage-first heap   total 81920K, used 41593K [0x0000000080000000, 0x0000000100000000)
  region size 1024K, 16 young (16384K), 3 survivors (3072K)
 Metaspace       used 35764K, committed 36160K, reserved 1114112K
  class space    used 5148K, committed 5312K, reserved 1048576K
}
Event: 3.371 GC heap after
{Heap after GC invocations=9 (full 0):
 garbage-first heap   total 81920K, used 29650K [0x0000000080000000, 0x0000000100000000)
  region size 1024K, 3 young (3072K), 3 survivors (3072K)
 Metaspace       used 35764K, committed 36160K, reserved 1114112K
  class space    used 5148K, committed 5312K, reserved 1048576K
}
Event: 3.675 GC heap before
{Heap before GC invocations=10 (full 0):
 garbage-first heap   total 81920K, used 63442K [0x0000000080000000, 0x0000000100000000)
  region size 1024K, 36 young (36864K), 3 survivors (3072K)
 Metaspace       used 39783K, committed 40256K, reserved 1114112K
  class space    used 5834K, committed 6016K, reserved 1048576K
}
Event: 3.677 GC heap after
{Heap after GC invocations=11 (full 0):
 garbage-first heap   total 236544K, used 31472K [0x0000000080000000, 0x0000000100000000)
  region size 1024K, 5 young (5120K), 5 survivors (5120K)
 Metaspace       used 39783K, committed 40256K, reserved 1114112K
  class space    used 5834K, committed 6016K, reserved 1048576K
}
Event: 5.097 GC heap before
{Heap before GC invocations=11 (full 0):
 garbage-first heap   total 236544K, used 180976K [0x0000000080000000, 0x0000000100000000)
  region size 1024K, 138 young (141312K), 5 survivors (5120K)
 Metaspace       used 50532K, committed 51008K, reserved 1114112K
  class space    used 7137K, committed 7360K, reserved 1048576K
}
Event: 5.104 GC heap after
{Heap after GC invocations=12 (full 0):
 garbage-first heap   total 236544K, used 56149K [0x0000000080000000, 0x0000000100000000)
  region size 1024K, 16 young (16384K), 16 survivors (16384K)
 Metaspace       used 50532K, committed 51008K, reserved 1114112K
  class space    used 7137K, committed 7360K, reserved 1048576K
}

