# JRE version: Java(TM) SE Runtime Environment (22.0.2+9) (build 22.0.2+9-70)
# Java VM: Java HotSpot(TM) 64-Bit Server VM (22.0.2+9-70, mixed mode, sharing, tiered, compressed oops, compressed class ptrs, serial gc, windows-amd64)
GC Precious Log:
 CardTable entry size: 512
 CPUs: 16 total, 16 available
 Memory: 24351M
 Large Page Support: Disabled
 NUMA Support: Disabled
 Compressed Oops: Enabled (32-bit)
 Heap Min Capacity: 128M
 Heap Initial Capacity: 128M
 Heap Max Capacity: 512M
 Pre-touch: Disabled
Heap:
 def new generation   total 45056K, used 43200K [0x00000000e0000000, 0x00000000e30e0000, 0x00000000eaaa0000)
  eden space 40064K,  98% used [0x00000000e0000000, 0x00000000e2675128, 0x00000000e2720000)
  from space 4992K,  76% used [0x00000000e2720000, 0x00000000e2adb060, 0x00000000e2c00000)
  to   space 4992K,   0% used [0x00000000e2c00000, 0x00000000e2c00000, 0x00000000e30e0000)
 tenured generation   total 99436K, used 91582K [0x00000000eaaa0000, 0x00000000f0bbb000, 0x0000000100000000)
   the space 99436K,  92% used [0x00000000eaaa0000, 0x00000000f040f850, 0x00000000f0bbb000)
 Metaspace       used 90954K, committed 93056K, reserved 294912K
  class space    used 12972K, committed 13952K, reserved 163840K
GC Heap History (20 events):
Event: 7.115 GC heap before
{Heap before GC invocations=21 (full 3):
 def new generation   total 45056K, used 44758K [0x00000000e0000000, 0x00000000e30e0000, 0x00000000eaaa0000)
  eden space 40064K, 100% used [0x00000000e0000000, 0x00000000e2720000, 0x00000000e2720000)
  from space 4992K,  94% used [0x00000000e2720000, 0x00000000e2bb5b48, 0x00000000e2c00000)
  to   space 4992K,   0% used [0x00000000e2c00000, 0x00000000e2c00000, 0x00000000e30e0000)
 tenured generation   total 99436K, used 67002K [0x00000000eaaa0000, 0x00000000f0bbb000, 0x0000000100000000)
   the space 99436K,  67% used [0x00000000eaaa0000, 0x00000000eec0eb88, 0x00000000f0bbb000)
 Metaspace       used 73184K, committed 75136K, reserved 229376K
  class space    used 10375K, committed 11328K, reserved 163840K
}
Event: 7.123 GC heap after
{Heap after GC invocations=22 (full 3):
 def new generation   total 45056K, used 3427K [0x00000000e0000000, 0x00000000e30e0000, 0x00000000eaaa0000)
  eden space 40064K,   0% used [0x00000000e0000000, 0x00000000e0000000, 0x00000000e2720000)
  from space 4992K,  68% used [0x00000000e2c00000, 0x00000000e2f58ea8, 0x00000000e30e0000)
  to   space 4992K,   0% used [0x00000000e2720000, 0x00000000e2720000, 0x00000000e2c00000)
 tenured generation   total 99436K, used 69335K [0x00000000eaaa0000, 0x00000000f0bbb000, 0x0000000100000000)
   the space 99436K,  69% used [0x00000000eaaa0000, 0x00000000eee55fc0, 0x00000000f0bbb000)
 Metaspace       used 73184K, committed 75136K, reserved 229376K
  class space    used 10375K, committed 11328K, reserved 163840K
}
Event: 7.433 GC heap before
{Heap before GC invocations=22 (full 3):
 def new generation   total 45056K, used 43491K [0x00000000e0000000, 0x00000000e30e0000, 0x00000000eaaa0000)
  eden space 40064K, 100% used [0x00000000e0000000, 0x00000000e2720000, 0x00000000e2720000)
  from space 4992K,  68% used [0x00000000e2c00000, 0x00000000e2f58ea8, 0x00000000e30e0000)
  to   space 4992K,   0% used [0x00000000e2720000, 0x00000000e2720000, 0x00000000e2c00000)
 tenured generation   total 99436K, used 69335K [0x00000000eaaa0000, 0x00000000f0bbb000, 0x0000000100000000)
   the space 99436K,  69% used [0x00000000eaaa0000, 0x00000000eee55fc0, 0x00000000f0bbb000)
 Metaspace       used 76294K, committed 78272K, reserved 294912K
  class space    used 10925K, committed 11904K, reserved 163840K
}
Event: 7.441 GC heap after
{Heap after GC invocations=23 (full 3):
 def new generation   total 45056K, used 2697K [0x00000000e0000000, 0x00000000e30e0000, 0x00000000eaaa0000)
  eden space 40064K,   0% used [0x00000000e0000000, 0x00000000e0000000, 0x00000000e2720000)
  from space 4992K,  54% used [0x00000000e2720000, 0x00000000e29c2418, 0x00000000e2c00000)
  to   space 4992K,   0% used [0x00000000e2c00000, 0x00000000e2c00000, 0x00000000e30e0000)
 tenured generation   total 99436K, used 71519K [0x00000000eaaa0000, 0x00000000f0bbb000, 0x0000000100000000)
   the space 99436K,  71% used [0x00000000eaaa0000, 0x00000000ef077da0, 0x00000000f0bbb000)
 Metaspace       used 76294K, committed 78272K, reserved 294912K
  class space    used 10925K, committed 11904K, reserved 163840K
}
Event: 7.824 GC heap before
{Heap before GC invocations=23 (full 3):
 def new generation   total 45056K, used 42761K [0x00000000e0000000, 0x00000000e30e0000, 0x00000000eaaa0000)
  eden space 40064K, 100% used [0x00000000e0000000, 0x00000000e2720000, 0x00000000e2720000)
  from space 4992K,  54% used [0x00000000e2720000, 0x00000000e29c2418, 0x00000000e2c00000)
  to   space 4992K,   0% used [0x00000000e2c00000, 0x00000000e2c00000, 0x00000000e30e0000)
 tenured generation   total 99436K, used 71519K [0x00000000eaaa0000, 0x00000000f0bbb000, 0x0000000100000000)
   the space 99436K,  71% used [0x00000000eaaa0000, 0x00000000ef077da0, 0x00000000f0bbb000)
 Metaspace       used 79309K, committed 81344K, reserved 294912K
  class space    used 11368K, committed 12352K, reserved 163840K
}
Event: 7.834 GC heap after
{Heap after GC invocations=24 (full 3):
 def new generation   total 45056K, used 4529K [0x00000000e0000000, 0x00000000e30e0000, 0x00000000eaaa0000)
  eden space 40064K,   0% used [0x00000000e0000000, 0x00000000e0000000, 0x00000000e2720000)
  from space 4992K,  90% used [0x00000000e2c00000, 0x00000000e306c568, 0x00000000e30e0000)
  to   space 4992K,   0% used [0x00000000e2720000, 0x00000000e2720000, 0x00000000e2c00000)
 tenured generation   total 99436K, used 72720K [0x00000000eaaa0000, 0x00000000f0bbb000, 0x0000000100000000)
   the space 99436K,  73% used [0x00000000eaaa0000, 0x00000000ef1a4198, 0x00000000f0bbb000)
 Metaspace       used 79309K, committed 81344K, reserved 294912K
  class space    used 11368K, committed 12352K, reserved 163840K
}
Event: 8.119 GC heap before
{Heap before GC invocations=24 (full 3):
 def new generation   total 45056K, used 44593K [0x00000000e0000000, 0x00000000e30e0000, 0x00000000eaaa0000)
  eden space 40064K, 100% used [0x00000000e0000000, 0x00000000e2720000, 0x00000000e2720000)
  from space 4992K,  90% used [0x00000000e2c00000, 0x00000000e306c568, 0x00000000e30e0000)
  to   space 4992K,   0% used [0x00000000e2720000, 0x00000000e2720000, 0x00000000e2c00000)
 tenured generation   total 99436K, used 72720K [0x00000000eaaa0000, 0x00000000f0bbb000, 0x0000000100000000)
   the space 99436K,  73% used [0x00000000eaaa0000, 0x00000000ef1a4198, 0x00000000f0bbb000)
 Metaspace       used 82367K, committed 84352K, reserved 294912K
  class space    used 11835K, committed 12800K, reserved 163840K
}
Event: 8.129 GC heap after
{Heap after GC invocations=25 (full 3):
 def new generation   total 45056K, used 2101K [0x00000000e0000000, 0x00000000e30e0000, 0x00000000eaaa0000)
  eden space 40064K,   0% used [0x00000000e0000000, 0x00000000e0000000, 0x00000000e2720000)
  from space 4992K,  42% used [0x00000000e2720000, 0x00000000e292d640, 0x00000000e2c00000)
  to   space 4992K,   0% used [0x00000000e2c00000, 0x00000000e2c00000, 0x00000000e30e0000)
 tenured generation   total 99436K, used 77134K [0x00000000eaaa0000, 0x00000000f0bbb000, 0x0000000100000000)
   the space 99436K,  77% used [0x00000000eaaa0000, 0x00000000ef5f39b8, 0x00000000f0bbb000)
 Metaspace       used 82367K, committed 84352K, reserved 294912K
  class space    used 11835K, committed 12800K, reserved 163840K
}
Event: 8.438 GC heap before
{Heap before GC invocations=25 (full 3):
 def new generation   total 45056K, used 42165K [0x00000000e0000000, 0x00000000e30e0000, 0x00000000eaaa0000)
  eden space 40064K, 100% used [0x00000000e0000000, 0x00000000e2720000, 0x00000000e2720000)
  from space 4992K,  42% used [0x00000000e2720000, 0x00000000e292d640, 0x00000000e2c00000)
  to   space 4992K,   0% used [0x00000000e2c00000, 0x00000000e2c00000, 0x00000000e30e0000)
 tenured generation   total 99436K, used 77134K [0x00000000eaaa0000, 0x00000000f0bbb000, 0x0000000100000000)
   the space 99436K,  77% used [0x00000000eaaa0000, 0x00000000ef5f39b8, 0x00000000f0bbb000)
 Metaspace       used 85053K, committed 87104K, reserved 294912K
  class space    used 12208K, committed 13184K, reserved 163840K
}
Event: 8.446 GC heap after
{Heap after GC invocations=26 (full 3):
 def new generation   total 45056K, used 4681K [0x00000000e0000000, 0x00000000e30e0000, 0x00000000eaaa0000)
  eden space 40064K,   0% used [0x00000000e0000000, 0x00000000e0000000, 0x00000000e2720000)
  from space 4992K,  93% used [0x00000000e2c00000, 0x00000000e3092678, 0x00000000e30e0000)
  to   space 4992K,   0% used [0x00000000e2720000, 0x00000000e2720000, 0x00000000e2c00000)
 tenured generation   total 99436K, used 77134K [0x00000000eaaa0000, 0x00000000f0bbb000, 0x0000000100000000)
   the space 99436K,  77% used [0x00000000eaaa0000, 0x00000000ef5f39b8, 0x00000000f0bbb000)
 Metaspace       used 85053K, committed 87104K, reserved 294912K
  class space    used 12208K, committed 13184K, reserved 163840K
}
Event: 8.733 GC heap before
{Heap before GC invocations=26 (full 3):
 def new generation   total 45056K, used 44745K [0x00000000e0000000, 0x00000000e30e0000, 0x00000000eaaa0000)
  eden space 40064K, 100% used [0x00000000e0000000, 0x00000000e2720000, 0x00000000e2720000)
  from space 4992K,  93% used [0x00000000e2c00000, 0x00000000e3092678, 0x00000000e30e0000)
  to   space 4992K,   0% used [0x00000000e2720000, 0x00000000e2720000, 0x00000000e2c00000)
 tenured generation   total 99436K, used 77134K [0x00000000eaaa0000, 0x00000000f0bbb000, 0x0000000100000000)
   the space 99436K,  77% used [0x00000000eaaa0000, 0x00000000ef5f39b8, 0x00000000f0bbb000)
 Metaspace       used 87801K, committed 89856K, reserved 294912K
  class space    used 12504K, committed 13504K, reserved 163840K
}
Event: 8.745 GC heap after
{Heap after GC invocations=27 (full 3):
 def new generation   total 45056K, used 4587K [0x00000000e0000000, 0x00000000e30e0000, 0x00000000eaaa0000)
  eden space 40064K,   0% used [0x00000000e0000000, 0x00000000e0000000, 0x00000000e2720000)
  from space 4992K,  91% used [0x00000000e2720000, 0x00000000e2b9af40, 0x00000000e2c00000)
  to   space 4992K,   0% used [0x00000000e2c00000, 0x00000000e2c00000, 0x00000000e30e0000)
 tenured generation   total 99436K, used 81746K [0x00000000eaaa0000, 0x00000000f0bbb000, 0x0000000100000000)
   the space 99436K,  82% used [0x00000000eaaa0000, 0x00000000efa74918, 0x00000000f0bbb000)
 Metaspace       used 87801K, committed 89856K, reserved 294912K
  class space    used 12504K, committed 13504K, reserved 163840K
}
Event: 9.146 GC heap before
{Heap before GC invocations=27 (full 3):
 def new generation   total 45056K, used 44651K [0x00000000e0000000, 0x00000000e30e0000, 0x00000000eaaa0000)
  eden space 40064K, 100% used [0x00000000e0000000, 0x00000000e2720000, 0x00000000e2720000)
  from space 4992K,  91% used [0x00000000e2720000, 0x00000000e2b9af40, 0x00000000e2c00000)
  to   space 4992K,   0% used [0x00000000e2c00000, 0x00000000e2c00000, 0x00000000e30e0000)
 tenured generation   total 99436K, used 81746K [0x00000000eaaa0000, 0x00000000f0bbb000, 0x0000000100000000)
   the space 99436K,  82% used [0x00000000eaaa0000, 0x00000000efa74918, 0x00000000f0bbb000)
 Metaspace       used 89564K, committed 91648K, reserved 294912K
  class space    used 12838K, committed 13824K, reserved 163840K
}
Event: 9.160 GC heap after
{Heap after GC invocations=28 (full 3):
 def new generation   total 45056K, used 4159K [0x00000000e0000000, 0x00000000e30e0000, 0x00000000eaaa0000)
  eden space 40064K,   0% used [0x00000000e0000000, 0x00000000e0000000, 0x00000000e2720000)
  from space 4992K,  83% used [0x00000000e2c00000, 0x00000000e300fc30, 0x00000000e30e0000)
  to   space 4992K,   0% used [0x00000000e2720000, 0x00000000e2720000, 0x00000000e2c00000)
 tenured generation   total 99436K, used 86313K [0x00000000eaaa0000, 0x00000000f0bbb000, 0x0000000100000000)
   the space 99436K,  86% used [0x00000000eaaa0000, 0x00000000efeea618, 0x00000000f0bbb000)
 Metaspace       used 89564K, committed 91648K, reserved 294912K
  class space    used 12838K, committed 13824K, reserved 163840K
}
Event: 9.379 GC heap before
{Heap before GC invocations=28 (full 3):
 def new generation   total 45056K, used 44223K [0x00000000e0000000, 0x00000000e30e0000, 0x00000000eaaa0000)
  eden space 40064K, 100% used [0x00000000e0000000, 0x00000000e2720000, 0x00000000e2720000)
  from space 4992K,  83% used [0x00000000e2c00000, 0x00000000e300fc30, 0x00000000e30e0000)
  to   space 4992K,   0% used [0x00000000e2720000, 0x00000000e2720000, 0x00000000e2c00000)
 tenured generation   total 99436K, used 86313K [0x00000000eaaa0000, 0x00000000f0bbb000, 0x0000000100000000)
   the space 99436K,  86% used [0x00000000eaaa0000, 0x00000000efeea618, 0x00000000f0bbb000)
 Metaspace       used 89894K, committed 91904K, reserved 294912K
  class space    used 12852K, committed 13824K, reserved 163840K
}
Event: 9.390 GC heap after
{Heap after GC invocations=29 (full 3):
 def new generation   total 45056K, used 1842K [0x00000000e0000000, 0x00000000e30e0000, 0x00000000eaaa0000)
  eden space 40064K,   0% used [0x00000000e0000000, 0x00000000e0000000, 0x00000000e2720000)
  from space 4992K,  36% used [0x00000000e2720000, 0x00000000e28ec958, 0x00000000e2c00000)
  to   space 4992K,   0% used [0x00000000e2c00000, 0x00000000e2c00000, 0x00000000e30e0000)
 tenured generation   total 99436K, used 90119K [0x00000000eaaa0000, 0x00000000f0bbb000, 0x0000000100000000)
   the space 99436K,  90% used [0x00000000eaaa0000, 0x00000000f02a1ca0, 0x00000000f0bbb000)
 Metaspace       used 89894K, committed 91904K, reserved 294912K
  class space    used 12852K, committed 13824K, reserved 163840K
}
Event: 9.651 GC heap before
{Heap before GC invocations=29 (full 3):
 def new generation   total 45056K, used 41906K [0x00000000e0000000, 0x00000000e30e0000, 0x00000000eaaa0000)
  eden space 40064K, 100% used [0x00000000e0000000, 0x00000000e2720000, 0x00000000e2720000)
  from space 4992K,  36% used [0x00000000e2720000, 0x00000000e28ec958, 0x00000000e2c00000)
  to   space 4992K,   0% used [0x00000000e2c00000, 0x00000000e2c00000, 0x00000000e30e0000)
 tenured generation   total 99436K, used 90119K [0x00000000eaaa0000, 0x00000000f0bbb000, 0x0000000100000000)
   the space 99436K,  90% used [0x00000000eaaa0000, 0x00000000f02a1ca0, 0x00000000f0bbb000)
 Metaspace       used 90269K, committed 92352K, reserved 294912K
  class space    used 12887K, committed 13888K, reserved 163840K
}
Event: 9.657 GC heap after
{Heap after GC invocations=30 (full 3):
 def new generation   total 45056K, used 3576K [0x00000000e0000000, 0x00000000e30e0000, 0x00000000eaaa0000)
  eden space 40064K,   0% used [0x00000000e0000000, 0x00000000e0000000, 0x00000000e2720000)
  from space 4992K,  71% used [0x00000000e2c00000, 0x00000000e2f7e3a8, 0x00000000e30e0000)
  to   space 4992K,   0% used [0x00000000e2720000, 0x00000000e2720000, 0x00000000e2c00000)
 tenured generation   total 99436K, used 90119K [0x00000000eaaa0000, 0x00000000f0bbb000, 0x0000000100000000)
   the space 99436K,  90% used [0x00000000eaaa0000, 0x00000000f02a1ca0, 0x00000000f0bbb000)
 Metaspace       used 90269K, committed 92352K, reserved 294912K
  class space    used 12887K, committed 13888K, reserved 163840K
}
Event: 9.829 GC heap before
{Heap before GC invocations=30 (full 3):
 def new generation   total 45056K, used 43640K [0x00000000e0000000, 0x00000000e30e0000, 0x00000000eaaa0000)
  eden space 40064K, 100% used [0x00000000e0000000, 0x00000000e2720000, 0x00000000e2720000)
  from space 4992K,  71% used [0x00000000e2c00000, 0x00000000e2f7e3a8, 0x00000000e30e0000)
  to   space 4992K,   0% used [0x00000000e2720000, 0x00000000e2720000, 0x00000000e2c00000)
 tenured generation   total 99436K, used 90119K [0x00000000eaaa0000, 0x00000000f0bbb000, 0x0000000100000000)
   the space 99436K,  90% used [0x00000000eaaa0000, 0x00000000f02a1ca0, 0x00000000f0bbb000)
 Metaspace       used 90465K, committed 92544K, reserved 294912K
  class space    used 12897K, committed 13888K, reserved 163840K
}
Event: 9.837 GC heap after
{Heap after GC invocations=31 (full 3):
 def new generation   total 45056K, used 3820K [0x00000000e0000000, 0x00000000e30e0000, 0x00000000eaaa0000)
  eden space 40064K,   0% used [0x00000000e0000000, 0x00000000e0000000, 0x00000000e2720000)
  from space 4992K,  76% used [0x00000000e2720000, 0x00000000e2adb060, 0x00000000e2c00000)
  to   space 4992K,   0% used [0x00000000e2c00000, 0x00000000e2c00000, 0x00000000e30e0000)
 tenured generation   total 99436K, used 91582K [0x00000000eaaa0000, 0x00000000f0bbb000, 0x0000000100000000)
   the space 99436K,  92% used [0x00000000eaaa0000, 0x00000000f040f850, 0x00000000f0bbb000)
 Metaspace       used 90465K, committed 92544K, reserved 294912K
  class space    used 12897K, committed 13888K, reserved 163840K
}

