# JRE version: OpenJDK Runtime Environment JBR-17.0.14+1-1367.22-nomod (17.0.14+1) (build 17.0.14+1-b1367.22)
# Java VM: OpenJDK 64-Bit Server VM JBR-17.0.14+1-1367.22-nomod (17.0.14+1-b1367.22, mixed mode, sharing, tiered, compressed oops, compressed class ptrs, g1 gc, windows-amd64)
GC Precious Log:
 CPUs: 16 total, 16 available
 Memory: 24351M
 Large Page Support: Disabled
 NUMA Support: Disabled
 Compressed Oops: Enabled (Zero based)
 Heap Region Size: 4M
 Heap Min Capacity: 8M
 Heap Initial Capacity: 384M
 Heap Max Capacity: 6088M
 Pre-touch: Disabled
 Parallel Workers: 13
 Concurrent Workers: 3
 Concurrent Refinement Workers: 13
 Periodic GC: Disabled
Heap:
 garbage-first heap   total 688128K, used 335453K [0x0000000683800000, 0x0000000800000000)
  region size 4096K, 7 young (28672K), 7 survivors (28672K)
 Metaspace       used 101773K, committed 102528K, reserved 1179648K
  class space    used 14377K, committed 14720K, reserved 1048576K
GC Heap History (20 events):
Event: 10.312 GC heap after
{Heap after GC invocations=41 (full 0):
 garbage-first heap   total 241664K, used 139805K [0x0000000683800000, 0x0000000800000000)
  region size 4096K, 3 young (12288K), 3 survivors (12288K)
 Metaspace       used 95354K, committed 96064K, reserved 1179648K
  class space    used 13483K, committed 13824K, reserved 1048576K
}
Event: 10.394 GC heap before
{Heap before GC invocations=41 (full 0):
 garbage-first heap   total 241664K, used 184861K [0x0000000683800000, 0x0000000800000000)
  region size 4096K, 14 young (57344K), 3 survivors (12288K)
 Metaspace       used 95354K, committed 96064K, reserved 1179648K
  class space    used 13483K, committed 13824K, reserved 1048576K
}
Event: 10.397 GC heap after
{Heap after GC invocations=42 (full 0):
 garbage-first heap   total 241664K, used 153673K [0x0000000683800000, 0x0000000800000000)
  region size 4096K, 2 young (8192K), 2 survivors (8192K)
 Metaspace       used 95354K, committed 96064K, reserved 1179648K
  class space    used 13483K, committed 13824K, reserved 1048576K
}
Event: 10.495 GC heap before
{Heap before GC invocations=43 (full 0):
 garbage-first heap   total 286720K, used 190537K [0x0000000683800000, 0x0000000800000000)
  region size 4096K, 11 young (45056K), 2 survivors (8192K)
 Metaspace       used 95354K, committed 96064K, reserved 1179648K
  class space    used 13483K, committed 13824K, reserved 1048576K
}
Event: 10.498 GC heap after
{Heap after GC invocations=44 (full 0):
 garbage-first heap   total 286720K, used 165711K [0x0000000683800000, 0x0000000800000000)
  region size 4096K, 2 young (8192K), 2 survivors (8192K)
 Metaspace       used 95354K, committed 96064K, reserved 1179648K
  class space    used 13483K, committed 13824K, reserved 1048576K
}
Event: 10.506 GC heap before
{Heap before GC invocations=44 (full 0):
 garbage-first heap   total 286720K, used 169807K [0x0000000683800000, 0x0000000800000000)
  region size 4096K, 3 young (12288K), 2 survivors (8192K)
 Metaspace       used 95354K, committed 96064K, reserved 1179648K
  class space    used 13483K, committed 13824K, reserved 1048576K
}
Event: 10.508 GC heap after
{Heap after GC invocations=45 (full 0):
 garbage-first heap   total 286720K, used 167203K [0x0000000683800000, 0x0000000800000000)
  region size 4096K, 1 young (4096K), 1 survivors (4096K)
 Metaspace       used 95354K, committed 96064K, reserved 1179648K
  class space    used 13483K, committed 13824K, reserved 1048576K
}
Event: 10.600 GC heap before
{Heap before GC invocations=45 (full 0):
 garbage-first heap   total 286720K, used 216355K [0x0000000683800000, 0x0000000800000000)
  region size 4096K, 13 young (53248K), 1 survivors (4096K)
 Metaspace       used 95356K, committed 96064K, reserved 1179648K
  class space    used 13483K, committed 13824K, reserved 1048576K
}
Event: 10.604 GC heap after
{Heap after GC invocations=46 (full 0):
 garbage-first heap   total 286720K, used 180567K [0x0000000683800000, 0x0000000800000000)
  region size 4096K, 2 young (8192K), 2 survivors (8192K)
 Metaspace       used 95356K, committed 96064K, reserved 1179648K
  class space    used 13483K, committed 13824K, reserved 1048576K
}
Event: 10.705 GC heap before
{Heap before GC invocations=47 (full 0):
 garbage-first heap   total 344064K, used 221527K [0x0000000683800000, 0x0000000800000000)
  region size 4096K, 12 young (49152K), 2 survivors (8192K)
 Metaspace       used 95679K, committed 96512K, reserved 1179648K
  class space    used 13535K, committed 13952K, reserved 1048576K
}
Event: 10.709 GC heap after
{Heap after GC invocations=48 (full 0):
 garbage-first heap   total 344064K, used 192870K [0x0000000683800000, 0x0000000800000000)
  region size 4096K, 2 young (8192K), 2 survivors (8192K)
 Metaspace       used 95679K, committed 96512K, reserved 1179648K
  class space    used 13535K, committed 13952K, reserved 1048576K
}
Event: 11.176 GC heap before
{Heap before GC invocations=48 (full 0):
 garbage-first heap   total 344064K, used 258406K [0x0000000683800000, 0x0000000800000000)
  region size 4096K, 18 young (73728K), 2 survivors (8192K)
 Metaspace       used 99680K, committed 100416K, reserved 1179648K
  class space    used 14073K, committed 14400K, reserved 1048576K
}
Event: 11.632 GC heap after
{Heap after GC invocations=49 (full 0):
 garbage-first heap   total 688128K, used 203802K [0x0000000683800000, 0x0000000800000000)
  region size 4096K, 3 young (12288K), 3 survivors (12288K)
 Metaspace       used 99680K, committed 100416K, reserved 1179648K
  class space    used 14073K, committed 14400K, reserved 1048576K
}
Event: 11.677 GC heap before
{Heap before GC invocations=49 (full 0):
 garbage-first heap   total 688128K, used 224282K [0x0000000683800000, 0x0000000800000000)
  region size 4096K, 8 young (32768K), 3 survivors (12288K)
 Metaspace       used 99682K, committed 100480K, reserved 1179648K
  class space    used 14073K, committed 14464K, reserved 1048576K
}
Event: 11.682 GC heap after
{Heap after GC invocations=50 (full 0):
 garbage-first heap   total 688128K, used 209163K [0x0000000683800000, 0x0000000800000000)
  region size 4096K, 1 young (4096K), 1 survivors (4096K)
 Metaspace       used 99682K, committed 100480K, reserved 1179648K
  class space    used 14073K, committed 14464K, reserved 1048576K
}
Event: 12.398 GC heap before
{Heap before GC invocations=50 (full 0):
 garbage-first heap   total 688128K, used 463115K [0x0000000683800000, 0x0000000800000000)
  region size 4096K, 63 young (258048K), 1 survivors (4096K)
 Metaspace       used 101706K, committed 102464K, reserved 1179648K
  class space    used 14377K, committed 14720K, reserved 1048576K
}
Event: 12.418 GC heap after
{Heap after GC invocations=51 (full 0):
 garbage-first heap   total 688128K, used 259675K [0x0000000683800000, 0x0000000800000000)
  region size 4096K, 8 young (32768K), 8 survivors (32768K)
 Metaspace       used 101706K, committed 102464K, reserved 1179648K
  class space    used 14377K, committed 14720K, reserved 1048576K
}
Event: 12.727 GC heap before
{Heap before GC invocations=51 (full 0):
 garbage-first heap   total 688128K, used 456283K [0x0000000683800000, 0x0000000800000000)
  region size 4096K, 56 young (229376K), 8 survivors (32768K)
 Metaspace       used 101773K, committed 102528K, reserved 1179648K
  class space    used 14377K, committed 14720K, reserved 1048576K
}
Event: 12.744 GC heap after
{Heap after GC invocations=52 (full 0):
 garbage-first heap   total 688128K, used 297704K [0x0000000683800000, 0x0000000800000000)
  region size 4096K, 7 young (28672K), 7 survivors (28672K)
 Metaspace       used 101773K, committed 102528K, reserved 1179648K
  class space    used 14377K, committed 14720K, reserved 1048576K
}
Event: 12.884 GC heap before
{Heap before GC invocations=52 (full 0):
 garbage-first heap   total 688128K, used 486120K [0x0000000683800000, 0x0000000800000000)
  region size 4096K, 53 young (217088K), 7 survivors (28672K)
 Metaspace       used 101773K, committed 102528K, reserved 1179648K
  class space    used 14377K, committed 14720K, reserved 1048576K
}

