# JRE version: OpenJDK Runtime Environment Temurin-21.0.10+7 (21.0.10+7) (build 21.0.10+7-LTS)
# Java VM: OpenJDK 64-Bit Server VM Temurin-21.0.10+7 (21.0.10+7-LTS, mixed mode, sharing, tiered, compressed oops, compressed class ptrs, g1 gc, windows-amd64)
GC Precious Log:
 CardTable entry size: 512
 Card Set container configuration: InlinePtr #cards 5 size 8 Array Of Cards #cards 12 size 40 Howl #buckets 4 coarsen threshold 1843 Howl Bitmap #cards 512 size 80 coarsen threshold 460 Card regions per heap region 1 cards per card region 2048
 CPUs: 16 total, 16 available
 Memory: 24351M
 Large Page Support: Disabled
 NUMA Support: Disabled
 Compressed Oops: Enabled (32-bit)
 Heap Region Size: 1M
 Heap Min Capacity: 8M
 Heap Initial Capacity: 382M
 Heap Max Capacity: 2G
 Pre-touch: Disabled
 Parallel Workers: 13
 Concurrent Workers: 3
 Concurrent Refinement Workers: 13
 Periodic GC: Disabled
Heap:
 garbage-first heap   total 211968K, used 132372K [0x0000000080000000, 0x0000000100000000)
  region size 1024K, 8 young (8192K), 6 survivors (6144K)
 Metaspace       used 98683K, committed 100736K, reserved 1179648K
  class space    used 13444K, committed 14464K, reserved 1048576K
GC Heap History (20 events):
Event: 14.461 GC heap before
{Heap before GC invocations=23 (full 0):
 garbage-first heap   total 137216K, used 125047K [0x0000000080000000, 0x0000000100000000)
  region size 1024K, 45 young (46080K), 3 survivors (3072K)
 Metaspace       used 79348K, committed 81280K, reserved 1179648K
  class space    used 11345K, committed 12288K, reserved 1048576K
}
Event: 14.464 GC heap after
{Heap after GC invocations=24 (full 0):
 garbage-first heap   total 137216K, used 87241K [0x0000000080000000, 0x0000000100000000)
  region size 1024K, 6 young (6144K), 6 survivors (6144K)
 Metaspace       used 79348K, committed 81280K, reserved 1179648K
  class space    used 11345K, committed 12288K, reserved 1048576K
}
Event: 14.962 GC heap before
{Heap before GC invocations=25 (full 0):
 garbage-first heap   total 147456K, used 132297K [0x0000000080000000, 0x0000000100000000)
  region size 1024K, 44 young (45056K), 6 survivors (6144K)
 Metaspace       used 82655K, committed 84544K, reserved 1179648K
  class space    used 11666K, committed 12608K, reserved 1048576K
}
Event: 14.966 GC heap after
{Heap after GC invocations=26 (full 0):
 garbage-first heap   total 147456K, used 92631K [0x0000000080000000, 0x0000000100000000)
  region size 1024K, 6 young (6144K), 6 survivors (6144K)
 Metaspace       used 82655K, committed 84544K, reserved 1179648K
  class space    used 11666K, committed 12608K, reserved 1048576K
}
Event: 15.563 GC heap before
{Heap before GC invocations=26 (full 0):
 garbage-first heap   total 147456K, used 133591K [0x0000000080000000, 0x0000000100000000)
  region size 1024K, 46 young (47104K), 6 survivors (6144K)
 Metaspace       used 85212K, committed 87104K, reserved 1179648K
  class space    used 12030K, committed 12992K, reserved 1048576K
}
Event: 15.566 GC heap after
{Heap after GC invocations=27 (full 0):
 garbage-first heap   total 147456K, used 94861K [0x0000000080000000, 0x0000000100000000)
  region size 1024K, 4 young (4096K), 4 survivors (4096K)
 Metaspace       used 85212K, committed 87104K, reserved 1179648K
  class space    used 12030K, committed 12992K, reserved 1048576K
}
Event: 16.051 GC heap before
{Heap before GC invocations=27 (full 0):
 garbage-first heap   total 147456K, used 134797K [0x0000000080000000, 0x0000000100000000)
  region size 1024K, 43 young (44032K), 4 survivors (4096K)
 Metaspace       used 87768K, committed 89664K, reserved 1179648K
  class space    used 12401K, committed 13312K, reserved 1048576K
}
Event: 16.054 GC heap after
{Heap after GC invocations=28 (full 0):
 garbage-first heap   total 147456K, used 97104K [0x0000000080000000, 0x0000000100000000)
  region size 1024K, 6 young (6144K), 6 survivors (6144K)
 Metaspace       used 87768K, committed 89664K, reserved 1179648K
  class space    used 12401K, committed 13312K, reserved 1048576K
}
Event: 16.709 GC heap before
{Heap before GC invocations=29 (full 0):
 garbage-first heap   total 163840K, used 134992K [0x0000000080000000, 0x0000000100000000)
  region size 1024K, 44 young (45056K), 6 survivors (6144K)
 Metaspace       used 91738K, committed 93696K, reserved 1179648K
  class space    used 12903K, committed 13888K, reserved 1048576K
}
Event: 16.712 GC heap after
{Heap after GC invocations=30 (full 0):
 garbage-first heap   total 163840K, used 98737K [0x0000000080000000, 0x0000000100000000)
  region size 1024K, 5 young (5120K), 5 survivors (5120K)
 Metaspace       used 91738K, committed 93696K, reserved 1179648K
  class space    used 12903K, committed 13888K, reserved 1048576K
}
Event: 728.488 GC heap before
{Heap before GC invocations=30 (full 0):
 garbage-first heap   total 163840K, used 154033K [0x0000000080000000, 0x0000000100000000)
  region size 1024K, 55 young (56320K), 5 survivors (5120K)
 Metaspace       used 96019K, committed 97984K, reserved 1179648K
  class space    used 13207K, committed 14208K, reserved 1048576K
}
Event: 728.503 GC heap after
{Heap after GC invocations=31 (full 0):
 garbage-first heap   total 163840K, used 99728K [0x0000000080000000, 0x0000000100000000)
  region size 1024K, 4 young (4096K), 4 survivors (4096K)
 Metaspace       used 96019K, committed 97984K, reserved 1179648K
  class space    used 13207K, committed 14208K, reserved 1048576K
}
Event: 729.138 GC heap before
{Heap before GC invocations=31 (full 0):
 garbage-first heap   total 163840K, used 150928K [0x0000000080000000, 0x0000000100000000)
  region size 1024K, 55 young (56320K), 4 survivors (4096K)
 Metaspace       used 97337K, committed 99392K, reserved 1179648K
  class space    used 13337K, committed 14400K, reserved 1048576K
}
Event: 729.141 GC heap after
{Heap after GC invocations=32 (full 0):
 garbage-first heap   total 163840K, used 104587K [0x0000000080000000, 0x0000000100000000)
  region size 1024K, 7 young (7168K), 7 survivors (7168K)
 Metaspace       used 97337K, committed 99392K, reserved 1179648K
  class space    used 13337K, committed 14400K, reserved 1048576K
}
Event: 730.032 GC heap before
{Heap before GC invocations=33 (full 0):
 garbage-first heap   total 176128K, used 151691K [0x0000000080000000, 0x0000000100000000)
  region size 1024K, 53 young (54272K), 7 survivors (7168K)
 Metaspace       used 97835K, committed 99904K, reserved 1179648K
  class space    used 13372K, committed 14400K, reserved 1048576K
}
Event: 730.038 GC heap after
{Heap after GC invocations=34 (full 0):
 garbage-first heap   total 176128K, used 113454K [0x0000000080000000, 0x0000000100000000)
  region size 1024K, 7 young (7168K), 7 survivors (7168K)
 Metaspace       used 97835K, committed 99904K, reserved 1179648K
  class space    used 13372K, committed 14400K, reserved 1048576K
}
Event: 730.635 GC heap before
{Heap before GC invocations=34 (full 0):
 garbage-first heap   total 176128K, used 161582K [0x0000000080000000, 0x0000000100000000)
  region size 1024K, 53 young (54272K), 7 survivors (7168K)
 Metaspace       used 98291K, committed 100416K, reserved 1179648K
  class space    used 13428K, committed 14464K, reserved 1048576K
}
Event: 730.643 GC heap after
{Heap after GC invocations=35 (full 0):
 garbage-first heap   total 179200K, used 121718K [0x0000000080000000, 0x0000000100000000)
  region size 1024K, 7 young (7168K), 7 survivors (7168K)
 Metaspace       used 98291K, committed 100416K, reserved 1179648K
  class space    used 13428K, committed 14464K, reserved 1048576K
}
Event: 740.537 GC heap before
{Heap before GC invocations=35 (full 0):
 garbage-first heap   total 179200K, used 161654K [0x0000000080000000, 0x0000000100000000)
  region size 1024K, 47 young (48128K), 7 survivors (7168K)
 Metaspace       used 98505K, committed 100544K, reserved 1179648K
  class space    used 13440K, committed 14464K, reserved 1048576K
}
Event: 740.541 GC heap after
{Heap after GC invocations=36 (full 0):
 garbage-first heap   total 179200K, used 125881K [0x0000000080000000, 0x0000000100000000)
  region size 1024K, 6 young (6144K), 6 survivors (6144K)
 Metaspace       used 98505K, committed 100544K, reserved 1179648K
  class space    used 13440K, committed 14464K, reserved 1048576K
}

